\BOOKMARK [1][-]{section*.1}{Introduction}{}% 1
\BOOKMARK [1][-]{section*.2}{Getting Started}{}% 2
\BOOKMARK [1][-]{section*.3}{Special Commands}{}% 3
\BOOKMARK [1][-]{section*.4}{Simple Quantum Circuits}{}% 4
\BOOKMARK [2][-]{section*.5}{Wires and gates}{section*.4}% 5
\BOOKMARK [2][-]{section*.6}{CNOT and other controlled single qubit gates }{section*.4}% 6
\BOOKMARK [2][-]{section*.7}{Vertical wires}{section*.4}% 7
\BOOKMARK [2][-]{section*.8}{Labelling input and output states }{section*.4}% 8
\BOOKMARK [1][-]{section*.9}{More Complicated Circuits: Multiple Qubit Gates and Beyond}{}% 9
\BOOKMARK [2][-]{section*.10}{Multiple qubit gates }{section*.9}% 10
\BOOKMARK [2][-]{section*.11}{Measurements and classical bits}{section*.9}% 11
\BOOKMARK [2][-]{section*.12}{Non-gate inserts, forcing space, and swap }{section*.9}% 12
\BOOKMARK [2][-]{section*.13}{How to control anything}{section*.9}% 13
\BOOKMARK [1][-]{section*.14}{Bells and Whistles: Tweaking Your Diagram to Perfection}{}% 14
\BOOKMARK [2][-]{section*.15}{Spacing}{section*.14}% 15
\BOOKMARK [2][-]{section*.16}{Labelling }{section*.14}% 16
\BOOKMARK [2][-]{section*.17}{Grouping}{section*.14}% 17
\BOOKMARK [1][-]{section*.18}{Acknowledgments}{}% 18
\BOOKMARK [1][-]{section*.19}{Positioning Q-circuit diagrams in LaTeX}{}% 19
\BOOKMARK [1][-]{section*.20}{Bugs and Future Work}{}% 20
\BOOKMARK [1][-]{section*.21}{Code for the Introduction}{}% 21
\BOOKMARK [1][-]{section*.22}{Table of Commands}{}% 22
