This is LuaTeX, Version beta-0.80.0 (MiKTeX 2.9 64-bit) (rev 5238)  (format=lualatex 2016.7.3)  13 JUN 2017 08:18
**Qtutorial.tex
(./Qtutorial.tex
LaTeX2e <2015/10/01> patch level 2
Babel <3.9m> and hyphenation patterns for 69 languages loaded.
("F:/Program Files/MiKTeX 2.9/tex/latex/revtex4/revtex4.cls"
Document Class: revtex4 2001/08/03 v4.0 (http://publish.aps.org/revtex4/ for doc
umentation)
 Copyright (c) 2001 The American Physical Society.
 mailto:revtex@aps.org
 Licensed under the LPPL:
http://www.ctan.org/tex-archive/macros/latex/base/lppl.txt
 Arthur Ogawa <ogawa@teleport.com>
 Based on work by David Carlisle <david@dcarlisle.demon.co.uk>.
ltxutil: portions licensed from W. E. Baxter (web@superscript.com)
Class revtex4 Info: Repairing broken LateX \@sect on input line 596.
\intertabularlinepenalty=\count79
\@tbpen=\count80
\@arstrutbox@hline=\box26
Class revtex4 Info: Repairing broken LaTeX \@xbitor on input line 1610.
ltxgrid: portions licensed from W. E. Baxter (web@superscript.com)
\c@linecount=\count81
\output=\toks14
\@protection@box=\box27
\@topmark@saved=\toks15
\footins@saved=\box28
\pagesofar=\box29
\footbox=\box30
\pagegrid@col=\count82
Class revtex4 Info: Incorporating package {textcase}  [1998/11/12 v0.06 Text onl
y upper/lower case changing (DPC)]. on input line 3682.
("F:/Program Files/MiKTeX 2.9/tex/latex/url/url.sty"
\Urlmuskip=\muskip10
Package: url 2013/09/16  ver 3.4  Verb mode for urls, etc.
)
\c@affil=\count83
\absbox=\box31
\c@part=\count84
\c@section=\count85
\c@subsection=\count86
\c@subsubsection=\count87
\c@paragraph=\count88
\c@subparagraph=\count89
\abovecaptionskip=\skip41
\belowcaptionskip=\skip42
\c@figure=\count90
\c@table=\count91

("F:/Program Files/MiKTeX 2.9/tex/latex/natbib/natbib.sty"
Package: natbib 2010/09/13 8.31b (PWD, AO)
\bibhang=\skip43
\bibsep=\skip44
LaTeX Info: Redefining \cite on input line 694.
\c@NAT@ctr=\count92
)
\widetext@top=\box32
\widetext@bot=\box33

("F:/Program Files/MiKTeX 2.9/tex/latex/revtex4/revsymb.sty"
Package: revsymb 2001/08/03 v4.0 (http://publish.aps.org/revtex4/ for documentat
ion)
LaTeX Info: Redefining \REV@mathfrak on input line 118.
))

Class revtex4 Warning: No Society specified, using generic APS style.

("F:/Program Files/MiKTeX 2.9/tex/latex/revtex4/aps.rtx"
File: aps.rtx 2001/08/03 v4.0 (http://publish.aps.org/revtex4/ for documentation
)
)
("F:/Program Files/MiKTeX 2.9/tex/latex/revtex4/10pt.rtx"
File: 10pt.rtx 2001/08/03 v4.0 (http://publish.aps.org/revtex4/ for documentatio
n)
)
("F:/Program Files/MiKTeX 2.9/tex/latex/hyperref/hyperref.sty"
Package: hyperref 2012/11/06 v6.83m Hypertext links for LaTeX

("F:/Program Files/MiKTeX 2.9/tex/generic/oberdiek/hobsub-hyperref.sty"
Package: hobsub-hyperref 2012/04/25 v1.12 Bundle oberdiek, subset hyperref (HO)

("F:/Program Files/MiKTeX 2.9/tex/generic/oberdiek/hobsub-generic.sty"
Package: hobsub-generic 2012/04/25 v1.12 Bundle oberdiek, subset generic (HO)
Package: hobsub 2012/04/25 v1.12 Construct package bundles (HO)
Package: infwarerr 2010/04/08 v1.3 Providing info/warning/error messages (HO)
Package: ltxcmds 2011/11/09 v1.22 LaTeX kernel commands for general use (HO)
Package: ifluatex 2010/03/01 v1.3 Provides the ifluatex switch (HO)
Package ifluatex Info: LuaTeX detected.
Package: ifvtex 2010/03/01 v1.5 Detect VTeX and its facilities (HO)
Package ifvtex Info: VTeX not detected.
Package: intcalc 2007/09/27 v1.1 Expandable calculations with integers (HO)
Package: ifpdf 2011/01/30 v2.3 Provides the ifpdf switch (HO)
Package ifpdf Info: pdfTeX in PDF mode is detected.
Package: etexcmds 2011/02/16 v1.5 Avoid name clashes with e-TeX commands (HO)
Package: kvsetkeys 2012/04/25 v1.16 Key value parser (HO)
Package: kvdefinekeys 2011/04/07 v1.3 Define keys (HO)
Package: luatex-loader 2010/03/09 v0.4 Lua module loader (HO)

(F:/Program Files/MiKTeX 2.9/scripts/oberdiek/oberdiek.luatex.lua)
Package: pdftexcmds 2011/11/29 v0.20 Utility functions of pdfTeX for LuaTeX (HO)

Package pdftexcmds Info: \pdf@primitive is available.
Package pdftexcmds Info: \pdf@ifprimitive is available.
Package pdftexcmds Info: \pdfdraftmode found.
\pdftexcmds@toks=\toks16
Package: pdfescape 2011/11/25 v1.13 Implements pdfTeX's escape features (HO)
Package: bigintcalc 2012/04/08 v1.3 Expandable calculations on big integers (HO)

Package: bitset 2011/01/30 v1.1 Handle bit-vector datatype (HO)
Package: uniquecounter 2011/01/30 v1.2 Provide unlimited unique counter (HO)
)
Package hobsub Info: Skipping package `hobsub' (already loaded).
Package: letltxmacro 2010/09/02 v1.4 Let assignment for LaTeX macros (HO)
Package: hopatch 2011/06/24 v1.1 Wrapper for package hooks (HO)
Package: xcolor-patch 2011/01/30 xcolor patch
Package: atveryend 2011/06/30 v1.8 Hooks at the very end of document (HO)
Package: atbegshi 2011/10/05 v1.16 At begin shipout hook (HO)
Package: refcount 2011/10/16 v3.4 Data extraction from label references (HO)
Package: hycolor 2011/01/30 v1.7 Color options for hyperref/bookmark (HO)
)
("F:/Program Files/MiKTeX 2.9/tex/latex/graphics/keyval.sty"
Package: keyval 2014/10/28 v1.15 key=value parser (DPC)
\KV@toks@=\toks17
)
("F:/Program Files/MiKTeX 2.9/tex/generic/ifxetex/ifxetex.sty"
Package: ifxetex 2010/09/12 v0.6 Provides ifxetex conditional
)
("F:/Program Files/MiKTeX 2.9/tex/latex/oberdiek/auxhook.sty"
Package: auxhook 2011/03/04 v1.3 Hooks for auxiliary files (HO)
)
("F:/Program Files/MiKTeX 2.9/tex/latex/oberdiek/kvoptions.sty"
Package: kvoptions 2011/06/30 v3.11 Key value format for package options (HO)
)
\@linkdim=\dimen102
\Hy@linkcounter=\count93
\Hy@pagecounter=\count94

("F:/Program Files/MiKTeX 2.9/tex/latex/hyperref/pd1enc.def"
File: pd1enc.def 2012/11/06 v6.83m Hyperref: PDFDocEncoding definition (HO)
)
\Hy@SavedSpaceFactor=\count95

("F:/Program Files/MiKTeX 2.9/tex/latex/00miktex/hyperref.cfg"
File: hyperref.cfg 2002/06/06 v1.2 hyperref configuration of TeXLive
)
Package hyperref Info: Option `bookmarks' set `true' on input line 4319.


Package hyperref Warning: Values of option `pdfpagemode':
(hyperref)                * `UseNone'
(hyperref)                * `UseOutlines'
(hyperref)                * `UseThumbs'
(hyperref)                * `FullScreen'
(hyperref)                * `UseOC' (PDF 1.5)
(hyperref)                * `UseAttachments' (PDF 1.6)
(hyperref)                * An empty value disables the option.
(hyperref)                Unknown value `None' on input line 4319.

Package hyperref Info: Option `colorlinks' set `true' on input line 4319.
Package hyperref Info: Hyper figures OFF on input line 4443.
Package hyperref Info: Link nesting OFF on input line 4448.
Package hyperref Info: Hyper index ON on input line 4451.
Package hyperref Info: Plain pages OFF on input line 4458.
Package hyperref Info: Backreferencing OFF on input line 4463.
Package hyperref Info: Implicit mode ON; LaTeX internals redefined.
Package hyperref Info: Bookmarks ON on input line 4688.
\c@Hy@tempcnt=\count96
LaTeX Info: Redefining \url on input line 5041.
\XeTeXLinkMargin=\dimen103
\Fld@menulength=\count97
\Field@Width=\dimen104
\Fld@charsize=\dimen105
Package hyperref Info: Hyper figures OFF on input line 6295.
Package hyperref Info: Link nesting OFF on input line 6300.
Package hyperref Info: Hyper index ON on input line 6303.
Package hyperref Info: backreferencing OFF on input line 6310.
Package hyperref Info: Link coloring ON on input line 6313.
Package hyperref Info: Link coloring with OCG OFF on input line 6320.
Package hyperref Info: PDF/A mode OFF on input line 6325.
LaTeX Info: Redefining \ref on input line 6365.
LaTeX Info: Redefining \pageref on input line 6369.
\Hy@abspage=\count98
\c@Item=\count99
\c@Hfootnote=\count100
)

Package hyperref Message: Driver (autodetected): hpdftex.

("F:/Program Files/MiKTeX 2.9/tex/latex/hyperref/hpdftex.def"
File: hpdftex.def 2012/11/06 v6.83m Hyperref driver for pdfTeX
\Fld@listcount=\count101
\c@bookmark@seq@number=\count102

("F:/Program Files/MiKTeX 2.9/tex/latex/oberdiek/rerunfilecheck.sty"
Package: rerunfilecheck 2011/04/15 v1.7 Rerun checks for auxiliary files (HO)
Package uniquecounter Info: New unique counter `rerunfilecheck' on input line 28
2.
)
\Hy@SectionHShift=\skip45
)
(./qcircuit.sty
Package: qcircuit 2016/12/29
 ("F:/Program Files/MiKTeX 2.9/tex/generic/xypic/xy.sty"
("F:/Program Files/MiKTeX 2.9/tex/generic/xypic/xy.tex" Bootstrap'ing:
catcodes, docmode, ("F:/Program Files/MiKTeX 2.9/tex/generic/xypic/xyrecat.tex"
) ("F:/Program Files/MiKTeX 2.9/tex/generic/xypic/xyidioms.tex")

 Xy-pic version 3.8.9 <2013/10/06>
 Copyright (c) 1991-2013 by Kristoffer H. Rose <krisrose@tug.org> and others
 Xy-pic is free software: see the User's Guide for details.

Loading kernel: messages; fonts; allocations: state,
\X@c=\dimen106
\Y@c=\dimen107
\U@c=\dimen108
\D@c=\dimen109
\L@c=\dimen110
\R@c=\dimen111
\Edge@c=\toks18
\X@p=\dimen112
\Y@p=\dimen113
\U@p=\dimen114
\D@p=\dimen115
\L@p=\dimen116
\R@p=\dimen117
\Edge@p=\toks19
\X@origin=\dimen118
\Y@origin=\dimen119
\X@xbase=\dimen120
\Y@xbase=\dimen121
\X@ybase=\dimen122
\Y@ybase=\dimen123
\X@min=\dimen124
\Y@min=\dimen125
\X@max=\dimen126
\Y@max=\dimen127
\lastobjectbox@=\box34
\zerodotbox@=\box35
\almostz@=\dimen128
 direction,
\d@X=\dimen129
\d@Y=\dimen130
\K@=\count103
\KK@=\count104
\Direction=\count105
\K@dXdY=\dimen131
\K@dYdX=\dimen132
\xyread@=\read1
\xywrite@=\write3
\csp@=\count106
\quotPTK@=\dimen133

utility macros; pictures: \xy, positions,
\swaptoks@@=\toks20
\connectobjectbox@@=\box36
 objects,
\styletoks@=\toks21
 decorations;
kernel objects: directionals, circles, text; options; algorithms: directions,
edges, connections;  Xy-pic loaded)
Package: xy 2013/10/06 Xy-pic version 3.8.9

("F:/Program Files/MiKTeX 2.9/tex/generic/xypic/xypdf.tex"
 Xy-pic option: PDF driver v.1.7 loaded))
("F:/Program Files/MiKTeX 2.9/tex/generic/xypic/xymatrix.tex"
 Xy-pic option: Matrix feature v.3.14
\Row=\count107
\Col=\count108
\queue@=\toks22
\queue@@=\toks23
\qcount@=\count109
\qcount@@=\count110
\matrixsize@=\count111
 loaded)
("F:/Program Files/MiKTeX 2.9/tex/generic/xypic/xyframe.tex"
 Xy-pic option: Frame and Bracket extension v.3.14 loaded)
Xy-pic pdf driver: `frame' extension support
("F:/Program Files/MiKTeX 2.9/tex/generic/xypic/xypdf-fr.tex"
("F:/Program Files/MiKTeX 2.9/tex/generic/xypic/xycurve.tex"
 Xy-pic option: Curve and Spline extension v.3.12 curve,
\crv@cnt@=\count112
\crvpts@=\toks24
\splinebox@=\box37
\splineval@=\dimen134
\splinedepth@=\dimen135
\splinetol@=\dimen136
\splinelength@=\dimen137
 circles,
\L@=\dimen138
 loaded)
Xy-pic pdf driver: `curve' extension support
("F:/Program Files/MiKTeX 2.9/tex/generic/xypic/xypdf-cu.tex" loaded) loaded)
("F:/Program Files/MiKTeX 2.9/tex/generic/xypic/xyarrow.tex"
 Xy-pic option: Arrow and Path feature v.3.9 path, \ar, loaded)
("F:/Program Files/MiKTeX 2.9/tex/generic/xypic/xyarc.tex"
 Xy-pic option: Circle, Ellipse, Arc feature v.3.8 circles, ellipses,
elliptical arcs, loaded))
("F:/Program Files/MiKTeX 2.9/tex/latex/amsmath/amsmath.sty"
Package: amsmath 2013/01/14 v2.14 AMS math features
\@mathmargin=\skip46

For additional information on amsmath, use the `?' option.
("F:/Program Files/MiKTeX 2.9/tex/latex/amsmath/amstext.sty"
Package: amstext 2000/06/29 v2.01

("F:/Program Files/MiKTeX 2.9/tex/latex/amsmath/amsgen.sty"
File: amsgen.sty 1999/11/30 v2.0
\@emptytoks=\toks25
\ex@=\dimen139
))
("F:/Program Files/MiKTeX 2.9/tex/latex/amsmath/amsbsy.sty"
Package: amsbsy 1999/11/29 v1.2d
\pmbraise@=\dimen140
)
("F:/Program Files/MiKTeX 2.9/tex/latex/amsmath/amsopn.sty"
Package: amsopn 1999/12/14 v2.01 operator names
)
\inf@bad=\count113
LaTeX Info: Redefining \frac on input line 210.
\uproot@=\count114
\leftroot@=\count115
LaTeX Info: Redefining \overline on input line 306.
\classnum@=\count116
\DOTSCASE@=\count117
LaTeX Info: Redefining \ldots on input line 378.
LaTeX Info: Redefining \dots on input line 381.
LaTeX Info: Redefining \cdots on input line 466.
\Mathstrutbox@=\box38
\strutbox@=\box39
\big@size=\dimen141
LaTeX Font Info:    Redeclaring font encoding OML on input line 566.
LaTeX Font Info:    Redeclaring font encoding OMS on input line 567.
\macc@depth=\count118
\c@MaxMatrixCols=\count119
\dotsspace@=\muskip11
\c@parentequation=\count120
\dspbrk@lvl=\count121
\tag@help=\toks26
\row@=\count122
\column@=\count123
\maxfields@=\count124
\andhelp@=\toks27
\eqnshift@=\dimen142
\alignsep@=\dimen143
\tagshift@=\dimen144
\tagwidth@=\dimen145
\totwidth@=\dimen146
\lineht@=\dimen147
\@envbody=\toks28
\multlinegap=\skip47
\multlinetaggap=\skip48
\mathdisplay@stack=\toks29
LaTeX Info: Redefining \[ on input line 2665.
LaTeX Info: Redefining \] on input line 2666.
)
("F:/Program Files/MiKTeX 2.9/tex/latex/listings/listings.sty"
\lst@mode=\count125
\lst@gtempboxa=\box40
\lst@token=\toks30
\lst@length=\count126
\lst@currlwidth=\dimen148
\lst@column=\count127
\lst@pos=\count128
\lst@lostspace=\dimen149
\lst@width=\dimen150
\lst@newlines=\count129
\lst@lineno=\count130
\lst@maxwidth=\dimen151

("F:/Program Files/MiKTeX 2.9/tex/latex/listings/lstmisc.sty"
File: lstmisc.sty 2015/06/04 1.6 (Carsten Heinz)
\c@lstnumber=\count131
\lst@skipnumbers=\count132
\lst@framebox=\box41
)
("F:/Program Files/MiKTeX 2.9/tex/latex/listings/listings.cfg"
File: listings.cfg 2015/06/04 1.6 listings configuration
))
Package: listings 2015/06/04 1.6 (Carsten Heinz)

(./Qtutorial.aux)
\openout1 = Qtutorial.aux

LaTeX Font Info:    Checking defaults for OML/cmm/m/it on input line 8.
LaTeX Font Info:    ... okay on input line 8.
LaTeX Font Info:    Checking defaults for T1/cmr/m/n on input line 8.
LaTeX Font Info:    ... okay on input line 8.
LaTeX Font Info:    Checking defaults for OT1/cmr/m/n on input line 8.
LaTeX Font Info:    ... okay on input line 8.
LaTeX Font Info:    Checking defaults for OMS/cmsy/m/n on input line 8.
LaTeX Font Info:    ... okay on input line 8.
LaTeX Font Info:    Checking defaults for OMX/cmex/m/n on input line 8.
LaTeX Font Info:    ... okay on input line 8.
LaTeX Font Info:    Checking defaults for U/cmr/m/n on input line 8.
LaTeX Font Info:    ... okay on input line 8.
LaTeX Font Info:    Checking defaults for PD1/pdf/m/n on input line 8.
LaTeX Font Info:    ... okay on input line 8.
Class revtex4 Info: Patching LaTeX tabular. on input line 8.
Class revtex4 Info: cite was not loaded (OK!) on input line 8.
Class revtex4 Info: multicol was not loaded (OK!) on input line 8.
\AtBeginShipoutBox=\box42


Package hyperref Warning: Height of page (\paperheight) is invalid (0.0pt),
(hyperref)                using 11in.

("F:/Program Files/MiKTeX 2.9/tex/latex/graphics/color.sty"
Package: color 2014/10/28 v1.1a Standard LaTeX Color (DPC)

("F:/Program Files/MiKTeX 2.9/tex/latex/00miktex/color.cfg"
File: color.cfg 2007/01/18 v1.5 color configuration of teTeX/TeXLive
)
Package color Info: Driver file: pdftex.def on input line 142.

("F:/Program Files/MiKTeX 2.9/tex/latex/pdftex-def/pdftex.def"
File: pdftex.def 2011/05/27 v0.06d Graphics/color for pdfTeX
\Gread@gobject=\count133

("F:/Program Files/MiKTeX 2.9/tex/context/base/supp-pdf.mkii"
[Loading MPS to PDF converter (version 2006.09.02).]
\scratchcounter=\count134
\scratchdimen=\dimen152
\scratchbox=\box43
\nofMPsegments=\count135
\nofMParguments=\count136
\everyMPshowfont=\toks31
\MPscratchCnt=\count137
\MPscratchDim=\dimen153
\MPnumerator=\count138
\makeMPintoPDFobject=\count139
\everyMPtoPDFconversion=\toks32
)))
Package hyperref Info: Link coloring ON on input line 8.
 ("F:/Program Files/MiKTeX 2.9/tex/latex/hyperref/nameref.sty"
Package: nameref 2012/10/27 v2.43 Cross-referencing by name of section

("F:/Program Files/MiKTeX 2.9/tex/generic/oberdiek/gettitlestring.sty"
Package: gettitlestring 2010/12/03 v1.4 Cleanup title references (HO)
)
\c@section@level=\count140
)
LaTeX Info: Redefining \ref on input line 8.
LaTeX Info: Redefining \pageref on input line 8.
LaTeX Info: Redefining \nameref on input line 8.

(./Qtutorial.out) (./Qtutorial.out)
\@outlinefile=\write4

\openout4 = Qtutorial.out
Package xypdf Info: Line width: 0.39998pt on input line 8.
\c@lstlisting=\count141

("F:/Program Files/MiKTeX 2.9/tex/latex/listings/lstlang1.sty"
File: lstlang1.sty 2015/06/04 1.6 listings language file
)
("F:/Program Files/MiKTeX 2.9/tex/latex/listings/lstlang2.sty"
File: lstlang2.sty 2015/06/04 1.6 listings language file
)
("F:/Program Files/MiKTeX 2.9/tex/latex/listings/lstlang3.sty"
File: lstlang3.sty 2015/06/04 1.6 listings language file
)
("F:/Program Files/MiKTeX 2.9/tex/latex/listings/lstlang1.sty"
File: lstlang1.sty 2015/06/04 1.6 listings language file
)
("F:/Program Files/MiKTeX 2.9/tex/latex/listings/lstlang2.sty"
File: lstlang2.sty 2015/06/04 1.6 listings language file
)
("F:/Program Files/MiKTeX 2.9/tex/latex/listings/lstlang3.sty"
File: lstlang3.sty 2015/06/04 1.6 listings language file
)
("F:/Program Files/MiKTeX 2.9/tex/latex/listings/lstlang1.sty"
File: lstlang1.sty 2015/06/04 1.6 listings language file
)
("F:/Program Files/MiKTeX 2.9/tex/latex/listings/lstlang2.sty"
File: lstlang2.sty 2015/06/04 1.6 listings language file
)
("F:/Program Files/MiKTeX 2.9/tex/latex/listings/lstlang3.sty"
File: lstlang3.sty 2015/06/04 1.6 listings language file
)
("F:/Program Files/MiKTeX 2.9/tex/latex/listings/lstmisc.sty"
File: lstmisc.sty 2015/06/04 1.6 (Carsten Heinz)
) <xymatrix 11x3
1432> <xymatrix 8x3 1238> <xymatrix 12x7 2936>
LaTeX Font Info:    Try loading font information for OMS+cmr on input line 72.

("F:/Program Files/MiKTeX 2.9/tex/latex/base/omscmr.fd"
File: omscmr.fd 2014/09/29 v2.5h Standard LaTeX font definitions
)
LaTeX Font Info:    Font shape `OMS/cmr/m/n' in size <10> not available
(Font)              Font shape `OMS/cmsy/m/n' tried instead on input line 72.
 <xymatrix 3x1 143>
Underfull \hbox (badness 2529) in paragraph at lines 121--126
[][]\OT1/cmr/m/n/10 The com-mand []\OT1/cmtt/m/n/10 \Qcircuit \OT1/cmr/m/n/10 i
s sim-ply a dis-guised
 []

[1{C:/Users/Luke Heyfron/AppData/Local/MiKTeX/2.9/pdftex/config/pdftex.map}]
<xymatrix 2x2 18> <xymatrix 5x2 558> <xymatrix 3x2 284>
Underfull \hbox (badness 10000) in paragraph at lines 177--178

 []

<xymatrix 3x2 284> <xymatrix 4x2 306> <xymatrix 5x4 857> [2] <xymatrix 3x3
432> <xymatrix 3x2 196> <xymatrix 3x6
Overfull \vbox (2.37013pt too high) detected at line 289
 []


Overfull \vbox (2.37012pt too high) detected at line 289
 []

559> <xymatrix 3x3 322> [3]
Underfull \hbox (badness 5316) in paragraph at lines 321--328
[][]\OT1/cmr/m/n/10 First let's go over the []\OT1/cmtt/m/n/10 \multigate \OT1/
cmr/m/n/10 com-mand.
 []

<xymatrix 3x6 562>
Overfull \hbox (3.15932pt too wide) in paragraph at lines 359--359
[][]     \OT1/cmtt/m/n/7 & \multigate{1}{\mathcal{F}} & \sgate{\mathcal{G}}{2} 
& \qw \\[] 
 []

<xymatrix 4x3 592> <xymatrix 2x1 105> <xymatrix 2x1 44> <xymatrix 2x1 44>
<xymatrix 2x1 44> <xymatrix

LaTeX Font Warning: Command \tiny invalid in math mode on input line 383.

2x1

LaTeX Font Warning: Command \tiny invalid in math mode on input line 383.

105> <xymatrix 2x1 10> <xymatrix 5x2 394> <xymatrix

LaTeX Font Warning: Command \tiny invalid in math mode on input line 406.

3x1

LaTeX Font Warning: Command \tiny invalid in math mode on input line 406.

143>
Overfull \hbox (13.87198pt too wide) in paragraph at lines 409--409
[][]    \OT1/cmtt/m/n/9 \lstick{\ket{\psi}}  & \meterB{\ket{\xi_\pm}} & \cw[] 
 []

<xymatrix 2x2 232> [4] <xymatrix

LaTeX Font Warning: Command \tiny invalid in math mode on input line 427.

3x3

LaTeX Font Warning: Command \tiny invalid in math mode on input line 427.

432> <xymatrix 4x4 463> <xymatrix 6x5 928>
Overfull \hbox (9.14703pt too wide) in paragraph at lines 470--470
[][]     \OT1/cmtt/m/n/9 & \targ & \targ & \cds{4}{\cdots} & \targ & \qw\\[] 
 []

<xymatrix 7x4 1427> [5] <xymatrix 5x3 633> <xymatrix 6x3 566>
Underfull \hbox (badness 10000) in paragraph at lines 546--548

 []

<xymatrix 7x3 1157> [6] [7]
Underfull \hbox (badness 10000) in paragraph at lines 662--663

 []

LaTeX Font Info:    Try loading font information for OMS+cmtt on input line 676.

LaTeX Font Info:    No file OMScmtt.fd. on input line 676.

LaTeX Font Warning: Font shape `OMS/cmtt/m/n' undefined
(Font)              using `OMS/cmsy/m/n' instead
(Font)              for symbol `textbraceleft' on input line 676.


Underfull \hbox (badness 10000) in paragraph at lines 718--718

 []


Overfull \hbox (12.00351pt too wide) in paragraph at lines 665--720
 []$ 
 []

Package atveryend Info: Empty hook `BeforeClearDocument' on input line 722.
Package atveryend Info: Empty hook `AfterLastShipout' on input line 722.
[8] (./Qtutorial.aux)
Package atveryend Info: Executing hook `AtVeryEndDocument' on input line 722.
Package atveryend Info: Executing hook `AtEndAfterFileList' on input line 722.
Package rerunfilecheck Info: File `Qtutorial.out' has not changed.
(rerunfilecheck)             Checksum: 85C7B2D01AA52712155FDCF0E3EE403D;1498.


LaTeX Font Warning: Some font shapes were not available, defaults substituted.

)

Here is how much of LuaTeX's memory you used:
 12286 strings out of 494933
 100000,383344 words of node,token memory allocated
 546 words of node memory still in use:
    nodes
   avail lists: 1:1,2:47,3:1740,4:2330,5:1251,6:5429,7:121,8:43,9:4058,10:380
 15534 multiletter control sequences out of 65536+200000
 55 fonts using 2171727 bytes
 47i,30n,67p,1423b,1429s stack positions out of 5000i,500n,10000p,200000b,50000s
<<F:/Program Files/MiKTeX 2.9/fonts/type1/public/amsfonts/cm/cmbx12.pfb><<F:/Pro
gram Files/MiKTeX 2.9/fonts/type1/public/amsfonts/cm/cmbx6.pfb><<F:/Program File
s/MiKTeX 2.9/fonts/type1/public/amsfonts/cm/cmbx9.pfb><<F:/Program Files/MiKTeX 
2.9/fonts/type1/public/amsfonts/cm/cmex10.pfb><<F:/Program Files/MiKTeX 2.9/font
s/type1/public/amsfonts/cm/cmmi10.pfb><<F:/Program Files/MiKTeX 2.9/fonts/type1/
public/amsfonts/cm/cmmi6.pfb><<F:/Program Files/MiKTeX 2.9/fonts/type1/public/am
sfonts/cm/cmmi7.pfb><<F:/Program Files/MiKTeX 2.9/fonts/type1/public/amsfonts/cm
/cmmi9.pfb><<F:/Program Files/MiKTeX 2.9/fonts/type1/public/amsfonts/cm/cmr10.pf
b><<F:/Program Files/MiKTeX 2.9/fonts/type1/public/amsfonts/cm/cmr6.pfb><<F:/Pro
gram Files/MiKTeX 2.9/fonts/type1/public/amsfonts/cm/cmr7.pfb><<F:/Program Files
/MiKTeX 2.9/fonts/type1/public/amsfonts/cm/cmr8.pfb><<F:/Program Files/MiKTeX 2.
9/fonts/type1/public/amsfonts/cm/cmr9.pfb><<F:/Program Files/MiKTeX 2.9/fonts/ty
pe1/public/amsfonts/cm/cmsy10.pfb><<F:/Program Files/MiKTeX 2.9/fonts/type1/publ
ic/amsfonts/cm/cmsy6.pfb><<F:/Program Files/MiKTeX 2.9/fonts/type1/public/amsfon
ts/cm/cmsy7.pfb><<F:/Program Files/MiKTeX 2.9/fonts/type1/public/amsfonts/cm/cms
y9.pfb><<F:/Program Files/MiKTeX 2.9/fonts/type1/public/amsfonts/cm/cmti10.pfb><
<F:/Program Files/MiKTeX 2.9/fonts/type1/public/amsfonts/cm/cmti9.pfb><<F:/Progr
am Files/MiKTeX 2.9/fonts/type1/public/amsfonts/cm/cmtt10.pfb><<F:/Program Files
/MiKTeX 2.9/fonts/type1/public/amsfonts/cm/cmtt8.pfb><<F:/Program Files/MiKTeX 2
.9/fonts/type1/public/amsfonts/cm/cmtt9.pfb><<F:/Program Files/MiKTeX 2.9/fonts/
type1/public/xypic/xyatip10.pfb><<F:/Program Files/MiKTeX 2.9/fonts/type1/public
/xypic/xybtip10.pfb>
Output written on Qtutorial.pdf (8 pages, 319898 bytes).

PDF statistics: 265 PDF objects out of 1000 (max. 8388607)
 50 named destinations out of 1000 (max. 131072)
 177 words of extra memory for PDF output out of 10000 (max. 10000000)

